#! /usr/bin/vvp
:ivl_version "10.3 (stable)";
:ivl_delay_selection "TYPICAL";
:vpi_time_precision - 12;
:vpi_module "system";
:vpi_module "vhdl_sys";
:vpi_module "v2005_math";
:vpi_module "va_math";
S_0x564227477150 .scope module, "branch" "branch" 2 4;
 .timescale -9 -12;
    .port_info 0 /INPUT 3 "opcode"
    .port_info 1 /INPUT 4 "fcode"
    .port_info 2 /INPUT 25 "label"
    .port_info 3 /INPUT 1 "carryFlag"
    .port_info 4 /INPUT 1 "zeroflag"
    .port_info 5 /INPUT 1 "signflag"
    .port_info 6 /INPUT 10 "PC"
    .port_info 7 /OUTPUT 10 "exNPC"
    .port_info 8 /OUTPUT 1 "PCSrc"
    .port_info 9 /OUTPUT 32 "ra"
o0x7f5cd6479018 .functor BUFZ 10, C4<zzzzzzzzzz>; HiZ drive
v0x5642274773d0_0 .net "PC", 9 0, o0x7f5cd6479018;  0 drivers
v0x5642274d4280_0 .var "PCSrc", 0 0;
o0x7f5cd6479078 .functor BUFZ 1, C4<z>; HiZ drive
v0x5642274d4340_0 .net "carryFlag", 0 0, o0x7f5cd6479078;  0 drivers
v0x5642274d43e0_0 .var "exNPC", 9 0;
o0x7f5cd64790d8 .functor BUFZ 4, C4<zzzz>; HiZ drive
v0x5642274d44c0_0 .net "fcode", 3 0, o0x7f5cd64790d8;  0 drivers
o0x7f5cd6479108 .functor BUFZ 25, C4<zzzzzzzzzzzzzzzzzzzzzzzzz>; HiZ drive
v0x5642274d45f0_0 .net "label", 24 0, o0x7f5cd6479108;  0 drivers
o0x7f5cd6479138 .functor BUFZ 3, C4<zzz>; HiZ drive
v0x5642274d46d0_0 .net "opcode", 2 0, o0x7f5cd6479138;  0 drivers
v0x5642274d47b0_0 .var "ra", 31 0;
o0x7f5cd6479198 .functor BUFZ 1, C4<z>; HiZ drive
v0x5642274d4890_0 .net "signflag", 0 0, o0x7f5cd6479198;  0 drivers
o0x7f5cd64791c8 .functor BUFZ 1, C4<z>; HiZ drive
v0x5642274d4950_0 .net "zeroflag", 0 0, o0x7f5cd64791c8;  0 drivers
E_0x564227477850/0 .event edge, v0x5642274d4890_0, v0x5642274d4950_0, v0x5642274d4340_0, v0x5642274d45f0_0;
E_0x564227477850/1 .event edge, v0x5642274d44c0_0, v0x5642274d46d0_0;
E_0x564227477850 .event/or E_0x564227477850/0, E_0x564227477850/1;
    .scope S_0x564227477150;
T_0 ;
    %pushi/vec4 0, 0, 10;
    %assign/vec4 v0x5642274d43e0_0, 0;
    %pushi/vec4 0, 0, 1;
    %assign/vec4 v0x5642274d4280_0, 0;
    %pushi/vec4 0, 0, 32;
    %assign/vec4 v0x5642274d47b0_0, 0;
    %end;
    .thread T_0;
    .scope S_0x564227477150;
T_1 ;
    %wait E_0x564227477850;
    %pushi/vec4 0, 0, 32;
    %assign/vec4 v0x5642274d47b0_0, 0;
    %load/vec4 v0x5642274d46d0_0;
    %cmpi/e 3, 0, 3;
    %jmp/0xz  T_1.0, 4;
    %load/vec4 v0x5642274d44c0_0;
    %cmpi/e 0, 0, 4;
    %jmp/0xz  T_1.2, 4;
    %load/vec4 v0x5642274d45f0_0;
    %parti/s 10, 0, 2;
    %assign/vec4 v0x5642274d43e0_0, 0;
    %pushi/vec4 1, 0, 1;
    %assign/vec4 v0x5642274d4280_0, 0;
    %jmp T_1.3;
T_1.2 ;
    %load/vec4 v0x5642274d44c0_0;
    %cmpi/e 1, 0, 4;
    %jmp/0xz  T_1.4, 4;
    %load/vec4 v0x5642274d4950_0;
    %pad/u 32;
    %cmpi/e 1, 0, 32;
    %jmp/0xz  T_1.6, 4;
    %load/vec4 v0x5642274d45f0_0;
    %parti/s 10, 0, 2;
    %assign/vec4 v0x5642274d43e0_0, 0;
    %pushi/vec4 1, 0, 1;
    %assign/vec4 v0x5642274d4280_0, 0;
    %jmp T_1.7;
T_1.6 ;
    %pushi/vec4 0, 0, 1;
    %assign/vec4 v0x5642274d4280_0, 0;
    %pushi/vec4 0, 0, 10;
    %assign/vec4 v0x5642274d43e0_0, 0;
T_1.7 ;
    %jmp T_1.5;
T_1.4 ;
    %load/vec4 v0x5642274d44c0_0;
    %cmpi/e 2, 0, 4;
    %jmp/0xz  T_1.8, 4;
    %load/vec4 v0x5642274d4950_0;
    %pad/u 32;
    %cmpi/e 0, 0, 32;
    %jmp/0xz  T_1.10, 4;
    %load/vec4 v0x5642274d45f0_0;
    %parti/s 10, 0, 2;
    %assign/vec4 v0x5642274d43e0_0, 0;
    %pushi/vec4 1, 0, 1;
    %assign/vec4 v0x5642274d4280_0, 0;
    %jmp T_1.11;
T_1.10 ;
    %pushi/vec4 0, 0, 1;
    %assign/vec4 v0x5642274d4280_0, 0;
    %pushi/vec4 0, 0, 10;
    %assign/vec4 v0x5642274d43e0_0, 0;
T_1.11 ;
    %jmp T_1.9;
T_1.8 ;
    %load/vec4 v0x5642274d44c0_0;
    %cmpi/e 3, 0, 4;
    %jmp/0xz  T_1.12, 4;
    %load/vec4 v0x5642274d4340_0;
    %pad/u 32;
    %cmpi/e 1, 0, 32;
    %jmp/0xz  T_1.14, 4;
    %load/vec4 v0x5642274d45f0_0;
    %parti/s 10, 0, 2;
    %assign/vec4 v0x5642274d43e0_0, 0;
    %pushi/vec4 1, 0, 1;
    %assign/vec4 v0x5642274d4280_0, 0;
    %jmp T_1.15;
T_1.14 ;
    %pushi/vec4 0, 0, 1;
    %assign/vec4 v0x5642274d4280_0, 0;
    %pushi/vec4 0, 0, 10;
    %assign/vec4 v0x5642274d43e0_0, 0;
T_1.15 ;
    %jmp T_1.13;
T_1.12 ;
    %load/vec4 v0x5642274d44c0_0;
    %cmpi/e 4, 0, 4;
    %jmp/0xz  T_1.16, 4;
    %load/vec4 v0x5642274d4340_0;
    %pad/u 32;
    %cmpi/e 0, 0, 32;
    %jmp/0xz  T_1.18, 4;
    %load/vec4 v0x5642274d45f0_0;
    %parti/s 10, 0, 2;
    %assign/vec4 v0x5642274d43e0_0, 0;
    %pushi/vec4 1, 0, 1;
    %assign/vec4 v0x5642274d4280_0, 0;
    %jmp T_1.19;
T_1.18 ;
    %pushi/vec4 0, 0, 1;
    %assign/vec4 v0x5642274d4280_0, 0;
    %pushi/vec4 0, 0, 10;
    %assign/vec4 v0x5642274d43e0_0, 0;
T_1.19 ;
    %jmp T_1.17;
T_1.16 ;
    %load/vec4 v0x5642274d44c0_0;
    %cmpi/e 5, 0, 4;
    %jmp/0xz  T_1.20, 4;
    %load/vec4 v0x5642274d4890_0;
    %pad/u 32;
    %cmpi/e 1, 0, 32;
    %jmp/0xz  T_1.22, 4;
    %load/vec4 v0x5642274d45f0_0;
    %parti/s 10, 0, 2;
    %assign/vec4 v0x5642274d43e0_0, 0;
    %pushi/vec4 1, 0, 1;
    %assign/vec4 v0x5642274d4280_0, 0;
    %jmp T_1.23;
T_1.22 ;
    %pushi/vec4 0, 0, 1;
    %assign/vec4 v0x5642274d4280_0, 0;
    %pushi/vec4 0, 0, 10;
    %assign/vec4 v0x5642274d43e0_0, 0;
T_1.23 ;
    %jmp T_1.21;
T_1.20 ;
    %load/vec4 v0x5642274d44c0_0;
    %cmpi/e 6, 0, 4;
    %jmp/0xz  T_1.24, 4;
    %load/vec4 v0x5642274d4890_0;
    %pad/u 32;
    %cmpi/e 0, 0, 32;
    %jmp/0xz  T_1.26, 4;
    %load/vec4 v0x5642274d45f0_0;
    %parti/s 10, 0, 2;
    %assign/vec4 v0x5642274d43e0_0, 0;
    %pushi/vec4 1, 0, 1;
    %assign/vec4 v0x5642274d4280_0, 0;
    %jmp T_1.27;
T_1.26 ;
    %pushi/vec4 0, 0, 1;
    %assign/vec4 v0x5642274d4280_0, 0;
    %pushi/vec4 0, 0, 10;
    %assign/vec4 v0x5642274d43e0_0, 0;
T_1.27 ;
    %jmp T_1.25;
T_1.24 ;
    %load/vec4 v0x5642274d44c0_0;
    %cmpi/e 7, 0, 4;
    %jmp/0xz  T_1.28, 4;
    %load/vec4 v0x5642274d45f0_0;
    %parti/s 10, 0, 2;
    %assign/vec4 v0x5642274d43e0_0, 0;
    %pushi/vec4 1, 0, 1;
    %assign/vec4 v0x5642274d4280_0, 0;
    %jmp T_1.29;
T_1.28 ;
    %load/vec4 v0x5642274d44c0_0;
    %cmpi/e 8, 0, 4;
    %jmp/0xz  T_1.30, 4;
    %load/vec4 v0x5642274d45f0_0;
    %parti/s 10, 0, 2;
    %assign/vec4 v0x5642274d43e0_0, 0;
    %pushi/vec4 1, 0, 1;
    %assign/vec4 v0x5642274d4280_0, 0;
    %jmp T_1.31;
T_1.30 ;
    %load/vec4 v0x5642274d44c0_0;
    %cmpi/e 9, 0, 4;
    %jmp/0xz  T_1.32, 4;
    %load/vec4 v0x5642274d45f0_0;
    %parti/s 10, 0, 2;
    %assign/vec4 v0x5642274d43e0_0, 0;
    %pushi/vec4 1, 0, 1;
    %assign/vec4 v0x5642274d4280_0, 0;
    %load/vec4 v0x5642274773d0_0;
    %pad/u 32;
    %assign/vec4 v0x5642274d47b0_0, 0;
    %jmp T_1.33;
T_1.32 ;
    %load/vec4 v0x5642274d44c0_0;
    %cmpi/e 10, 0, 4;
    %jmp/0xz  T_1.34, 4;
    %load/vec4 v0x5642274d47b0_0;
    %parti/s 10, 0, 2;
    %assign/vec4 v0x5642274d43e0_0, 0;
    %pushi/vec4 1, 0, 1;
    %assign/vec4 v0x5642274d4280_0, 0;
    %jmp T_1.35;
T_1.34 ;
    %pushi/vec4 0, 0, 1;
    %assign/vec4 v0x5642274d4280_0, 0;
    %pushi/vec4 0, 0, 10;
    %assign/vec4 v0x5642274d43e0_0, 0;
T_1.35 ;
T_1.33 ;
T_1.31 ;
T_1.29 ;
T_1.25 ;
T_1.21 ;
T_1.17 ;
T_1.13 ;
T_1.9 ;
T_1.5 ;
T_1.3 ;
    %jmp T_1.1;
T_1.0 ;
    %load/vec4 v0x5642274d46d0_0;
    %cmpi/e 4, 0, 3;
    %jmp/0xz  T_1.36, 4;
    %load/vec4 v0x5642274d45f0_0;
    %parti/s 10, 0, 2;
    %assign/vec4 v0x5642274d43e0_0, 0;
    %pushi/vec4 1, 0, 1;
    %assign/vec4 v0x5642274d4280_0, 0;
    %jmp T_1.37;
T_1.36 ;
    %load/vec4 v0x5642274d46d0_0;
    %cmpi/e 5, 0, 3;
    %jmp/0xz  T_1.38, 4;
    %load/vec4 v0x5642274d44c0_0;
    %cmpi/e 0, 0, 4;
    %jmp/0xz  T_1.40, 4;
    %load/vec4 v0x5642274d4890_0;
    %flag_set/vec4 8;
    %jmp/0xz  T_1.42, 8;
    %load/vec4 v0x5642274d45f0_0;
    %parti/s 10, 0, 2;
    %assign/vec4 v0x5642274d43e0_0, 0;
    %pushi/vec4 1, 0, 1;
    %assign/vec4 v0x5642274d4280_0, 0;
    %jmp T_1.43;
T_1.42 ;
    %pushi/vec4 0, 0, 1;
    %assign/vec4 v0x5642274d4280_0, 0;
    %pushi/vec4 0, 0, 10;
    %assign/vec4 v0x5642274d43e0_0, 0;
T_1.43 ;
    %jmp T_1.41;
T_1.40 ;
    %load/vec4 v0x5642274d44c0_0;
    %cmpi/e 1, 0, 4;
    %jmp/0xz  T_1.44, 4;
    %load/vec4 v0x5642274d4950_0;
    %flag_set/vec4 8;
    %jmp/0xz  T_1.46, 8;
    %load/vec4 v0x5642274d45f0_0;
    %parti/s 10, 0, 2;
    %assign/vec4 v0x5642274d43e0_0, 0;
    %pushi/vec4 1, 0, 1;
    %assign/vec4 v0x5642274d4280_0, 0;
    %jmp T_1.47;
T_1.46 ;
    %pushi/vec4 0, 0, 1;
    %assign/vec4 v0x5642274d4280_0, 0;
    %pushi/vec4 0, 0, 10;
    %assign/vec4 v0x5642274d43e0_0, 0;
T_1.47 ;
    %jmp T_1.45;
T_1.44 ;
    %load/vec4 v0x5642274d44c0_0;
    %cmpi/e 2, 0, 4;
    %jmp/0xz  T_1.48, 4;
    %load/vec4 v0x5642274d4950_0;
    %inv;
    %flag_set/vec4 8;
    %jmp/0xz  T_1.50, 8;
    %load/vec4 v0x5642274d45f0_0;
    %parti/s 10, 0, 2;
    %assign/vec4 v0x5642274d43e0_0, 0;
    %pushi/vec4 1, 0, 1;
    %assign/vec4 v0x5642274d4280_0, 0;
    %jmp T_1.51;
T_1.50 ;
    %pushi/vec4 0, 0, 1;
    %assign/vec4 v0x5642274d4280_0, 0;
    %pushi/vec4 0, 0, 10;
    %assign/vec4 v0x5642274d43e0_0, 0;
T_1.51 ;
    %jmp T_1.49;
T_1.48 ;
    %pushi/vec4 0, 0, 1;
    %assign/vec4 v0x5642274d4280_0, 0;
    %pushi/vec4 0, 0, 10;
    %assign/vec4 v0x5642274d43e0_0, 0;
T_1.49 ;
T_1.45 ;
T_1.41 ;
    %jmp T_1.39;
T_1.38 ;
    %pushi/vec4 0, 0, 1;
    %assign/vec4 v0x5642274d4280_0, 0;
    %pushi/vec4 0, 0, 10;
    %assign/vec4 v0x5642274d43e0_0, 0;
T_1.39 ;
T_1.37 ;
T_1.1 ;
    %jmp T_1;
    .thread T_1, $push;
# The file index is used to find the file name in the following table.
:file_names 3;
    "N/A";
    "<interactive>";
    "branch.v";
