Command line:
   writeAddress_isim_beh.exe
     -simmode  gui
     -simrunnum  0
     -socket  39805

Sat Nov 13 23:59:11 2021


 Elaboration Time: 0.02 sec

 Current Memory Usage: 194.044 Meg

 Total Signals          : 19
 Total Nets             : 159
 Total Signal Drivers   : 8
 Total Blocks           : 2
 Total Primitive Blocks : 2
 Total Processes        : 10
 Total Traceable Variables  : 21
 Total Scalar Nets and Variables : 277
Total Line Count : 47

 Total Simulation Time: 0.04 sec

 Current Memory Usage: 269.545 Meg

Sat Nov 13 23:59:27 2021

